<?xml version="1.0" encoding="UTF-8"?>
<!-- Generated by org.testng.reporters.JUnitReportReporter -->
<testsuite hostname="Ramakant" failures="0" tests="2" name="testNGGroups.TestNGGroup1" time="0.008" errors="0" timestamp="2024-06-06T15:54:44 IST" skipped="0">
  <testcase classname="testNGGroups.TestNGGroup1" name="test1" time="0.007"/>
  <testcase classname="testNGGroups.TestNGGroup1" name="test6" time="0.001"/>
</testsuite> <!-- testNGGroups.TestNGGroup1 -->
