<?xml version="1.0" encoding="UTF-8"?>
<!-- Generated by org.testng.reporters.JUnitReportReporter -->
<testsuite hostname="Ramakant" failures="0" tests="1" name="seleniumTesting.Assertion1" time="0.037" errors="0" timestamp="2024-06-06T16:35:58 IST" skipped="0">
  <testcase classname="seleniumTesting.Assertion1" name="validateText" time="0.037"/>
</testsuite> <!-- seleniumTesting.Assertion1 -->
