<?xml version="1.0" encoding="UTF-8"?>
<!-- Generated by org.testng.reporters.JUnitReportReporter -->
<testsuite hostname="Ramakant" failures="0" tests="6" name="seleniumTesting.VerifyFB" time="7.997" errors="0" timestamp="2024-06-06T18:01:16 IST" skipped="0">
  <testcase classname="seleniumTesting.VerifyFB" name="verifyURL" time="7.792"/>
  <testcase classname="seleniumTesting.VerifyFB" name="verifyTitle" time="0.001"/>
  <testcase classname="seleniumTesting.VerifyFB" name="verifyEmail" time="0.059"/>
  <testcase classname="seleniumTesting.VerifyFB" name="verifyPass" time="0.048"/>
  <testcase classname="seleniumTesting.VerifyFB" name="verifyLogin" time="0.047"/>
  <testcase classname="seleniumTesting.VerifyFB" name="verifyCreateAccount" time="0.050"/>
</testsuite> <!-- seleniumTesting.VerifyFB -->
