<?xml version="1.0" encoding="UTF-8"?>
<!-- Generated by org.testng.reporters.JUnitReportReporter -->
<testsuite hostname="Ramakant" failures="0" tests="3" name="seleniumTesting.TestNG5" time="0.488" errors="0" timestamp="2024-06-06T02:23:31 IST" skipped="0">
  <testcase classname="seleniumTesting.TestNG5" name="loginCheck" time="0.168"/>
  <testcase classname="seleniumTesting.TestNG5" name="loginCheck" time="0.154"/>
  <testcase classname="seleniumTesting.TestNG5" name="loginCheck" time="0.166"/>
</testsuite> <!-- seleniumTesting.TestNG5 -->
