<?xml version="1.0" encoding="UTF-8"?>
<!-- Generated by org.testng.reporters.JUnitReportReporter -->
<testsuite hostname="Ramakant" failures="0" tests="4" name="testNGGroups.TestNGGroup2" time="0.004" errors="0" timestamp="2024-06-06T15:54:44 IST" skipped="0">
  <testcase classname="testNGGroups.TestNGGroup2" name="test5" time="0.001"/>
  <testcase classname="testNGGroups.TestNGGroup2" name="test1" time="0.001"/>
  <testcase classname="testNGGroups.TestNGGroup2" name="test6" time="0.001"/>
  <testcase classname="testNGGroups.TestNGGroup2" name="test4" time="0.001"/>
</testsuite> <!-- testNGGroups.TestNGGroup2 -->
