<?xml version="1.0" encoding="UTF-8"?>
<!-- Generated by org.testng.reporters.JUnitReportReporter -->
<testsuite hostname="Ramakant" failures="0" tests="5" name="seleniumTesting.TestNG2" time="0.003" errors="0" timestamp="2024-06-06T02:02:11 IST" skipped="0">
  <testcase classname="seleniumTesting.TestNG2" name="test" time="0.001"/>
  <testcase classname="seleniumTesting.TestNG2" name="testAfter" time="0.000"/>
  <testcase classname="seleniumTesting.TestNG2" name="test4" time="0.001"/>
  <testcase classname="seleniumTesting.TestNG2" name="b1" time="0.001"/>
  <testcase classname="seleniumTesting.TestNG2" name="testBefore" time="0.000"/>
</testsuite> <!-- seleniumTesting.TestNG2 -->
