<?xml version="1.0" encoding="UTF-8"?>
<!-- Generated by org.testng.reporters.JUnitReportReporter -->
<testsuite hostname="Ramakant" failures="0" tests="2" name="seleniumTesting.TestNG3$TestNG2" time="0.000" errors="0" timestamp="2024-06-06T02:03:23 IST" skipped="2">
  <testcase classname="seleniumTesting.TestNG3$TestNG2" name="b1" time="0.000">
    <skipped/>
  </testcase> <!-- b1 -->
  <testcase classname="seleniumTesting.TestNG3$TestNG2" name="test">
    <skipped/>
  </testcase> <!-- test -->
</testsuite> <!-- seleniumTesting.TestNG3$TestNG2 -->
