<?xml version="1.0" encoding="UTF-8"?>
<!-- Generated by org.testng.reporters.JUnitReportReporter -->
<testsuite hostname="Ramakant" failures="0" tests="2" name="seleniumTesting.TestClass" time="0.002" errors="0" timestamp="2024-06-06T02:02:11 IST" skipped="0">
  <testcase classname="seleniumTesting.TestClass" name="test" time="0.001"/>
  <testcase classname="seleniumTesting.TestClass" name="a" time="0.001"/>
</testsuite> <!-- seleniumTesting.TestClass -->
